****************************************************************
Début :31/12/2022 01:07:21
Fin: 01/01/2023 19:41:44
----------------------------------
Liste des répertoires concernés : 
\\2019-DOM\Partages\09_Communication_interne
\\2019-DOM\Partages\10_Atelier_BEE
\\2019-DOM\Partages\Achats
\\2019-DOM\Partages\Atelier
\\2019-DOM\Partages\BEElectrique
\\2019-DOM\Partages\bemecanique
\\2019-DOM\Partages\CDS
\\2019-DOM\Partages\Commercial
\\2019-DOM\Partages\Développement - R&D
\\2019-DOM\Partages\Fabrication - Montage
\\2019-DOM\Partages\Formation
\\2019-DOM\Partages\Informatique
\\2019-DOM\Partages\Marketing
\\2019-DOM\Partages\Pieces détachées
\\2019-DOM\Partages\Pôle coordination
\\2019-DOM\Partages\Prix de revient
\\2019-DOM\Partages\Qualité
\\2019-DOM\Partages\SAV
\\2019-DOM\Partages\Sécurité PPSPS
----------------------------------
Copie différentielle terminée. 
Nombre de fichiers mis à jour : 17846
Nombre de fichiers ignorés : 374067
Nombre d'erreur constatées : 1
Access to the path '\\2019-DOM\Partages\Commercial\Admin\Distributeurs\Descriptifs Techniques (anciens)\# Archives\28\_Locky_recover_instructions.txt' is denied. 31/12/2022 13:32:15
