****************************************************************
Début :01/12/2022 09:31:09
Fin: 01/12/2022 09:33:47
----------------------------------
Liste des répertoires concernés : 
\\2019-DOM\Partages\CDS
\\2019-DOM\Partages\Pôle Coordination
\\2019-DOM\Partages\Informatique
----------------------------------
Copie différentielle terminée. 
Nombre de fichiers mis à jour : 29
Nombre de fichiers ignorés : 38176
Nombre d'erreur constatées : 1
Access to the path '\\2019-DOM\Partages\Pôle Coordination' is denied. 01/12/2022 09:31:09
****************************************************************
Début :01/12/2022 14:04:50
Fin: 01/12/2022 14:11:52
----------------------------------
Liste des répertoires concernés : 
\\2019-DOM\Partages\CDS
\\2019-DOM\Partages\Pôle Coordination
\\2019-DOM\Partages\Informatique
----------------------------------
Copie différentielle terminée. 
Nombre de fichiers mis à jour : 31
Nombre de fichiers ignorés : 38258
Aucune erreur constatée
****************************************************************
Début :01/12/2022 19:01:12
Fin: 02/12/2022 00:52:25
----------------------------------
Liste des répertoires concernés : 
\\2019-DOM\bem
\\2019-DOM\Partages\01_Affaires
\\2019-DOM\Partages\02_Comptabilite
\\2019-DOM\Partages\Achats
\\2019-DOM\Partages\Atelier
\\2019-DOM\Partages\BEElectrique
\\2019-DOM\Partages\bemecanique
\\2019-DOM\Partages\Blender
\\2019-DOM\Partages\CDS
\\2019-DOM\Partages\Commercial
\\2019-DOM\Partages\Développement - R&D
\\2019-DOM\Partages\Fabrication - Montage
\\2019-DOM\Partages\Formation
\\2019-DOM\Partages\Informatique
\\2019-DOM\Partages\Marketing
\\2019-DOM\Partages\Pieces détachées
\\2019-DOM\Partages\Pôle coordination
\\2019-DOM\Partages\Prix de revient
\\2019-DOM\Partages\Projet caisse à savon
\\2019-DOM\Partages\Qualité
\\2019-DOM\Partages\SAV
\\2019-DOM\Partages\Sécurité PPSPS
----------------------------------
Copie différentielle terminée. 
Nombre de fichiers mis à jour : 6248
Nombre de fichiers ignorés : 945322
Aucune erreur constatée
