****************************************************************
Début :07/02/2023 11:20:25
Aucune erreur constatée
Fin: 07/02/2023 11:20:48
--------------------------------------------------
Liste des répertoires concernés : 
\\2019-DOM\Partages\07_CDS
--------------------------------------------------
Copie différentielle terminée. 
Nombre de fichiers mis à jour : 34
Nombre de fichiers ignorés : 26
****************************************************************
Début :07/02/2023 11:27:36
Aucune erreur constatée
Fin: 07/02/2023 11:27:36
--------------------------------------------------
Liste des répertoires concernés : 
\\2019-DOM\Partages\07_CDS
--------------------------------------------------
Copie différentielle terminée.
Nombre de fichiers mis à jour : 0
Nombre de fichiers ignorés : 60
****************************************************************
Début de la copie différentielle :07/02/2023 16:37:46
Aucune erreur constatée
Fin: 07/02/2023 18:19:47
--------------------------------------------------
Liste des répertoires concernés : 
\\2019-DOM\bem
--------------------------------------------------
Copie différentielle terminée. 
Nombre de fichiers mis à jour : 61565
Nombre de fichiers ignorés : 198207
